La génération a démarré 05/05/2012 01:57:28.
     1>Projet "C:\Users\Paradox\documents\visual studio 2010\Projects\triangulationOpenCV2\triangulationOpenCV2\triangulationOpenCV2.vcxproj" sur le nœud 2 (build cible(s)).
     1>InitializeBuildStatus:
         Création de "Debug\triangulationOpenCV2.unsuccessfulbuild", car "AlwaysCreate" a été spécifié.
       ClCompile:
         C:\Program Files\Microsoft Visual Studio 10.0\VC\bin\CL.exe /c /ZI /nologo /W3 /WX- /Od /Oy- /D WIN32 /D _DEBUG /D _CONSOLE /D _UNICODE /D UNICODE /Gm /EHsc /RTC1 /MDd /GS /fp:precise /Zc:wchar_t /Zc:forScope /Fo"Debug\\" /Fd"Debug\vc100.pdb" /Gd /TP /analyze- /errorReport:prompt delaunaypencv.cpp
         delaunaypencv.cpp
     1>c:\opencv2.2\include\opencv2\flann\logger.h(66): warning C4996: 'fopen': This function or variable may be unsafe. Consider using fopen_s instead. To disable deprecation, use _CRT_SECURE_NO_WARNINGS. See online help for details.
                 c:\program files\microsoft visual studio 10.0\vc\include\stdio.h(234) : voir la déclaration de 'fopen'
     1>c:\users\paradox\documents\visual studio 2010\projects\triangulationopencv2\triangulationopencv2\delaunaypencv.cpp(183): warning C4996: 'fopen': This function or variable may be unsafe. Consider using fopen_s instead. To disable deprecation, use _CRT_SECURE_NO_WARNINGS. See online help for details.
                 c:\program files\microsoft visual studio 10.0\vc\include\stdio.h(234) : voir la déclaration de 'fopen'
     1>c:\users\paradox\documents\visual studio 2010\projects\triangulationopencv2\triangulationopencv2\delaunaypencv.cpp(242): warning C4996: 'fopen': This function or variable may be unsafe. Consider using fopen_s instead. To disable deprecation, use _CRT_SECURE_NO_WARNINGS. See online help for details.
                 c:\program files\microsoft visual studio 10.0\vc\include\stdio.h(234) : voir la déclaration de 'fopen'
     1>c:\users\paradox\documents\visual studio 2010\projects\triangulationopencv2\triangulationopencv2\delaunaypencv.cpp(417): warning C4101: 'outer_qedges' : variable locale non référencée
       ManifestResourceCompile:
         Toutes les sorties sont à jour.
       Link:
         C:\Program Files\Microsoft Visual Studio 10.0\VC\bin\link.exe /ERRORREPORT:PROMPT /OUT:"C:\Users\Paradox\documents\visual studio 2010\Projects\triangulationOpenCV2\Debug\triangulationOpenCV2.exe" /INCREMENTAL /NOLOGO opencv_core220d.lib opencv_highgui220d.lib opencv_imgproc220d.lib kernel32.lib user32.lib gdi32.lib winspool.lib comdlg32.lib advapi32.lib shell32.lib ole32.lib oleaut32.lib uuid.lib odbc32.lib odbccp32.lib /MANIFEST /ManifestFile:"Debug\triangulationOpenCV2.exe.intermediate.manifest" /MANIFESTUAC:"level='asInvoker' uiAccess='false'" /DEBUG /PDB:"C:\Users\Paradox\documents\visual studio 2010\Projects\triangulationOpenCV2\Debug\triangulationOpenCV2.pdb" /SUBSYSTEM:CONSOLE /TLBID:1 /DYNAMICBASE /NXCOMPAT /IMPLIB:"C:\Users\Paradox\documents\visual studio 2010\Projects\triangulationOpenCV2\Debug\triangulationOpenCV2.lib" /MACHINE:X86 Debug\triangulationOpenCV2.exe.embed.manifest.res
         Debug\delaunaypencv.obj
         Debug\main.obj
         Debug\run.obj
       Manifest:
         C:\Program Files\Microsoft SDKs\Windows\v7.0A\bin\mt.exe /nologo /verbose /out:"Debug\triangulationOpenCV2.exe.embed.manifest" /manifest Debug\triangulationOpenCV2.exe.intermediate.manifest
         Toutes les sorties sont à jour.
       LinkEmbedManifest:
         Toutes les sorties sont à jour.
         triangulationOpenCV2.vcxproj -> C:\Users\Paradox\documents\visual studio 2010\Projects\triangulationOpenCV2\Debug\triangulationOpenCV2.exe
       FinalizeBuildStatus:
         Suppression du fichier "Debug\triangulationOpenCV2.unsuccessfulbuild".
         Mise à jour de l'horodatage "Debug\triangulationOpenCV2.lastbuildstate".
     1>Génération du projet "C:\Users\Paradox\documents\visual studio 2010\Projects\triangulationOpenCV2\triangulationOpenCV2\triangulationOpenCV2.vcxproj" terminée (build cible(s)).

La génération a réussi.

Temps écoulé 00:00:03.21
